Config => dataset=moons  prior=gaussian_wide  hidden=256  lr=0.001  seed=1337  steps=6000  batch=1024
Training FM solver…
Step      1 / 6000    Loss: 3.167294
Step    200 / 6000    Loss: 1.641695
Step    400 / 6000    Loss: 1.553178
Step    600 / 6000    Loss: 1.481748
Step    800 / 6000    Loss: 1.547204
Step   1000 / 6000    Loss: 1.569532
Step   1200 / 6000    Loss: 1.477321
Step   1400 / 6000    Loss: 1.550758
Step   1600 / 6000    Loss: 1.569004
Step   1800 / 6000    Loss: 1.565607
Step   2000 / 6000    Loss: 1.478713
Step   2200 / 6000    Loss: 1.529907
Step   2400 / 6000    Loss: 1.524530
Step   2600 / 6000    Loss: 1.583233
Step   2800 / 6000    Loss: 1.506198
Step   3000 / 6000    Loss: 1.543425
Step   3200 / 6000    Loss: 1.511300
Step   3400 / 6000    Loss: 1.518996
Step   3600 / 6000    Loss: 1.503928
Step   3800 / 6000    Loss: 1.516225
Step   4000 / 6000    Loss: 1.521024
Step   4200 / 6000    Loss: 1.426055
Step   4400 / 6000    Loss: 1.532470
Step   4600 / 6000    Loss: 1.476340
Step   4800 / 6000    Loss: 1.433703
Step   5000 / 6000    Loss: 1.541538
Step   5200 / 6000    Loss: 1.525569
Step   5400 / 6000    Loss: 1.540515
Step   5600 / 6000    Loss: 1.470780
Step   5800 / 6000    Loss: 1.538847
Step   6000 / 6000    Loss: 1.492125
Saved: out_fm_solver/fm_moons_gaussian_wide_h256_lr0.001.pt
Saved: out_fm_solver/samples_moons_gaussian_wide_h256_lr0.001.npy
