Config => dataset=moons  prior=gaussian  hidden=256  lr=0.001  seed=1337  steps=6000  batch=1024
Training FM solver…
Step      1 / 6000    Loss: 1.640112
Step    200 / 6000    Loss: 1.148132
Step    400 / 6000    Loss: 1.094109
Step    600 / 6000    Loss: 1.032753
Step    800 / 6000    Loss: 1.067535
Step   1000 / 6000    Loss: 1.094433
Step   1200 / 6000    Loss: 1.037356
Step   1400 / 6000    Loss: 1.071074
Step   1600 / 6000    Loss: 1.107890
Step   1800 / 6000    Loss: 1.115896
Step   2000 / 6000    Loss: 1.036155
Step   2200 / 6000    Loss: 1.052956
Step   2400 / 6000    Loss: 1.059343
Step   2600 / 6000    Loss: 1.084356
Step   2800 / 6000    Loss: 1.045408
Step   3000 / 6000    Loss: 1.057376
Step   3200 / 6000    Loss: 1.053394
Step   3400 / 6000    Loss: 1.066768
Step   3600 / 6000    Loss: 1.066825
Step   3800 / 6000    Loss: 1.077718
Step   4000 / 6000    Loss: 1.051475
Step   4200 / 6000    Loss: 0.976014
Step   4400 / 6000    Loss: 1.080627
Step   4600 / 6000    Loss: 1.051934
Step   4800 / 6000    Loss: 1.012518
Step   5000 / 6000    Loss: 1.080286
Step   5200 / 6000    Loss: 1.066953
Step   5400 / 6000    Loss: 1.045995
Step   5600 / 6000    Loss: 1.037676
Step   5800 / 6000    Loss: 1.060661
Step   6000 / 6000    Loss: 1.058438
Saved: out_fm_solver/fm_moons_gaussian_h256_lr0.001.pt
Saved: out_fm_solver/samples_moons_gaussian_h256_lr0.001.npy
