Config => dataset=eight_ring  prior=ringmix  hidden=256  lr=0.001  seed=1337  steps=6000  batch=1024
Training FM solver…
Step      1 / 6000    Loss: 16.788881
Step    200 / 6000    Loss: 10.814142
Step    400 / 6000    Loss: 10.492373
Step    600 / 6000    Loss: 9.519233
Step    800 / 6000    Loss: 9.528095
Step   1000 / 6000    Loss: 8.786921
Step   1200 / 6000    Loss: 9.811660
Step   1400 / 6000    Loss: 9.864750
Step   1600 / 6000    Loss: 8.820768
Step   1800 / 6000    Loss: 8.850258
Step   2000 / 6000    Loss: 9.060428
Step   2200 / 6000    Loss: 8.324757
Step   2400 / 6000    Loss: 9.476055
Step   2600 / 6000    Loss: 9.016493
Step   2800 / 6000    Loss: 8.867610
Step   3000 / 6000    Loss: 9.588314
Step   3200 / 6000    Loss: 8.962400
Step   3400 / 6000    Loss: 8.810546
Step   3600 / 6000    Loss: 8.655296
Step   3800 / 6000    Loss: 9.122438
Step   4000 / 6000    Loss: 8.777205
Step   4200 / 6000    Loss: 8.442053
Step   4400 / 6000    Loss: 8.922025
Step   4600 / 6000    Loss: 9.143687
Step   4800 / 6000    Loss: 7.914310
Step   5000 / 6000    Loss: 8.807970
Step   5200 / 6000    Loss: 8.712543
Step   5400 / 6000    Loss: 9.209508
Step   5600 / 6000    Loss: 8.837123
Step   5800 / 6000    Loss: 9.544852
Step   6000 / 6000    Loss: 8.465021
Saved: out_fm_solver/fm_eight_ring_ringmix_h256_lr0.001.pt
Saved: out_fm_solver/samples_eight_ring_ringmix_h256_lr0.001.npy
