Config => dataset=moons  prior=gaussian_narrow  hidden=256  lr=0.001  seed=1337  steps=6000  batch=1024
Training FM solver…
Step      1 / 6000    Loss: 0.725402
Step    200 / 6000    Loss: 0.549026
Step    400 / 6000    Loss: 0.539248
Step    600 / 6000    Loss: 0.509924
Step    800 / 6000    Loss: 0.506145
Step   1000 / 6000    Loss: 0.522449
Step   1200 / 6000    Loss: 0.495663
Step   1400 / 6000    Loss: 0.514792
Step   1600 / 6000    Loss: 0.528986
Step   1800 / 6000    Loss: 0.544424
Step   2000 / 6000    Loss: 0.496786
Step   2200 / 6000    Loss: 0.504503
Step   2400 / 6000    Loss: 0.518278
Step   2600 / 6000    Loss: 0.516111
Step   2800 / 6000    Loss: 0.509671
Step   3000 / 6000    Loss: 0.510418
Step   3200 / 6000    Loss: 0.505603
Step   3400 / 6000    Loss: 0.507393
Step   3600 / 6000    Loss: 0.524635
Step   3800 / 6000    Loss: 0.551174
Step   4000 / 6000    Loss: 0.508298
Step   4200 / 6000    Loss: 0.464507
Step   4400 / 6000    Loss: 0.559381
Step   4600 / 6000    Loss: 0.510567
Step   4800 / 6000    Loss: 0.502496
Step   5000 / 6000    Loss: 0.515090
Step   5200 / 6000    Loss: 0.491464
Step   5400 / 6000    Loss: 0.485022
Step   5600 / 6000    Loss: 0.487384
Step   5800 / 6000    Loss: 0.514131
Step   6000 / 6000    Loss: 0.524508
Saved: out_fm_solver/fm_moons_gaussian_narrow_h256_lr0.001.pt
Saved: out_fm_solver/samples_moons_gaussian_narrow_h256_lr0.001.npy
